<?xml version="1.0" encoding="UTF-8"?>
<testng-results ignored="0" total="1" passed="1" failed="0" skipped="0">
  <reporter-output>
  </reporter-output>
  <suite started-at="2021-02-16T20:49:02 CST" name="Default suite" finished-at="2021-02-16T20:49:11 CST" duration-ms="8508">
    <groups>
    </groups>
    <test started-at="2021-02-16T20:49:02 CST" name="Default test" finished-at="2021-02-16T20:49:11 CST" duration-ms="8508">
      <class name="CucumberTest.CucumberTest.seleniumtest">
        <test-method signature="initializeDriver()[pri:0, instance:CucumberTest.CucumberTest.seleniumtest@2d2ffcb7]" started-at="2021-02-16T20:49:02 CST" name="initializeDriver" finished-at="2021-02-16T20:49:11 CST" duration-ms="8468" status="PASS">
          <reporter-output>
          </reporter-output>
        </test-method> <!-- initializeDriver -->
      </class> <!-- CucumberTest.CucumberTest.seleniumtest -->
    </test> <!-- Default test -->
  </suite> <!-- Default suite -->
</testng-results>
